0 info it worked if it ends with ok
1 verbose cli [ '/usr/bin/nodejs',
1 verbose cli   '/usr/bin/npm',
1 verbose cli   'install',
1 verbose cli   '-g',
1 verbose cli   'jsreport-cli' ]
2 info using npm@2.15.11
3 info using node@v4.6.2
4 verbose install initial load of /usr/lib/package.json
5 verbose readDependencies loading dependencies from /usr/lib/package.json
6 silly cache add args [ 'jsreport-cli', null ]
7 verbose cache add spec jsreport-cli
8 silly cache add parsed spec Result {
8 silly cache add   raw: 'jsreport-cli',
8 silly cache add   scope: null,
8 silly cache add   name: 'jsreport-cli',
8 silly cache add   rawSpec: '',
8 silly cache add   spec: 'latest',
8 silly cache add   type: 'tag' }
9 silly addNamed jsreport-cli@latest
10 verbose addNamed "latest" is being treated as a dist-tag for jsreport-cli
11 info addNameTag [ 'jsreport-cli', 'latest' ]
12 silly mapToRegistry name jsreport-cli
13 silly mapToRegistry using default registry
14 silly mapToRegistry registry https://registry.npmjs.org/
15 silly mapToRegistry data Result {
15 silly mapToRegistry   raw: 'jsreport-cli',
15 silly mapToRegistry   scope: null,
15 silly mapToRegistry   name: 'jsreport-cli',
15 silly mapToRegistry   rawSpec: '',
15 silly mapToRegistry   spec: 'latest',
15 silly mapToRegistry   type: 'tag' }
16 silly mapToRegistry uri https://registry.npmjs.org/jsreport-cli
17 verbose addNameTag registry:https://registry.npmjs.org/jsreport-cli not in flight; fetching
18 verbose request uri https://registry.npmjs.org/jsreport-cli
19 verbose request no auth needed
20 info attempt registry request try #1 at 6:58:57 PM
21 verbose request id 8138c1ce06c44ddf
22 http request GET https://registry.npmjs.org/jsreport-cli
23 http 200 https://registry.npmjs.org/jsreport-cli
24 verbose headers { server: 'nginx/1.10.1',
24 verbose headers   'content-type': 'application/json',
24 verbose headers   'last-modified': 'Tue, 17 Oct 2017 17:25:11 GMT',
24 verbose headers   etag: 'W/"59e63cf7-8848"',
24 verbose headers   'content-encoding': 'gzip',
24 verbose headers   'cache-control': 'max-age=300',
24 verbose headers   'content-length': '3677',
24 verbose headers   'accept-ranges': 'bytes',
24 verbose headers   date: 'Mon, 23 Oct 2017 23:58:57 GMT',
24 verbose headers   via: '1.1 varnish',
24 verbose headers   age: '0',
24 verbose headers   connection: 'keep-alive',
24 verbose headers   'x-served-by': 'cache-gru17131-GRU',
24 verbose headers   'x-cache': 'MISS',
24 verbose headers   'x-cache-hits': '0',
24 verbose headers   'x-timer': 'S1508803137.423333,VS0,VE185',
24 verbose headers   vary: 'Accept-Encoding, Accept' }
25 silly get cb [ 200,
25 silly get   { server: 'nginx/1.10.1',
25 silly get     'content-type': 'application/json',
25 silly get     'last-modified': 'Tue, 17 Oct 2017 17:25:11 GMT',
25 silly get     etag: 'W/"59e63cf7-8848"',
25 silly get     'content-encoding': 'gzip',
25 silly get     'cache-control': 'max-age=300',
25 silly get     'content-length': '3677',
25 silly get     'accept-ranges': 'bytes',
25 silly get     date: 'Mon, 23 Oct 2017 23:58:57 GMT',
25 silly get     via: '1.1 varnish',
25 silly get     age: '0',
25 silly get     connection: 'keep-alive',
25 silly get     'x-served-by': 'cache-gru17131-GRU',
25 silly get     'x-cache': 'MISS',
25 silly get     'x-cache-hits': '0',
25 silly get     'x-timer': 'S1508803137.423333,VS0,VE185',
25 silly get     vary: 'Accept-Encoding, Accept' } ]
26 verbose get saving jsreport-cli to /home/jgarcia/.npm/registry.npmjs.org/jsreport-cli/.cache.json
27 verbose correctMkdir /home/jgarcia/.npm correctMkdir not in flight; initializing
28 silly addNameTag next cb for jsreport-cli with tag latest
29 silly addNamed jsreport-cli@1.3.1
30 verbose addNamed "1.3.1" is a plain semver version for jsreport-cli
31 silly mapToRegistry name jsreport-cli
32 silly mapToRegistry using default registry
33 silly mapToRegistry registry https://registry.npmjs.org/
34 silly mapToRegistry data Result {
34 silly mapToRegistry   raw: 'jsreport-cli',
34 silly mapToRegistry   scope: null,
34 silly mapToRegistry   name: 'jsreport-cli',
34 silly mapToRegistry   rawSpec: '',
34 silly mapToRegistry   spec: 'latest',
34 silly mapToRegistry   type: 'tag' }
35 silly mapToRegistry uri https://registry.npmjs.org/jsreport-cli
36 verbose addRemoteTarball https://registry.npmjs.org/jsreport-cli/-/jsreport-cli-1.3.1.tgz not in flight; adding
37 verbose addRemoteTarball [ 'https://registry.npmjs.org/jsreport-cli/-/jsreport-cli-1.3.1.tgz',
37 verbose addRemoteTarball   '22fb722119a58be190f6230c223cebd58ff050a1' ]
38 info retry fetch attempt 1 at 6:58:57 PM
39 info attempt registry request try #1 at 6:58:57 PM
40 http fetch GET https://registry.npmjs.org/jsreport-cli/-/jsreport-cli-1.3.1.tgz
41 http fetch 200 https://registry.npmjs.org/jsreport-cli/-/jsreport-cli-1.3.1.tgz
42 silly fetchAndShaCheck shasum 22fb722119a58be190f6230c223cebd58ff050a1
43 verbose addTmpTarball /tmp/npm-19914-052822d6/registry.npmjs.org/jsreport-cli/-/jsreport-cli-1.3.1.tgz not in flight; adding
44 verbose addTmpTarball already have metadata; skipping unpack for jsreport-cli@1.3.1
45 verbose correctMkdir /home/jgarcia/.npm correctMkdir not in flight; initializing
46 silly cache afterAdd jsreport-cli@1.3.1
47 verbose afterAdd /home/jgarcia/.npm/jsreport-cli/1.3.1/package/package.json not in flight; writing
48 verbose correctMkdir /home/jgarcia/.npm correctMkdir not in flight; initializing
49 verbose afterAdd /home/jgarcia/.npm/jsreport-cli/1.3.1/package/package.json written
50 silly install resolved [ { name: 'jsreport-cli',
50 silly install resolved     version: '1.3.1',
50 silly install resolved     description: 'Command line interface for jsreport',
50 silly install resolved     main: 'index.js',
50 silly install resolved     bin: { jsreport: 'cli.js' },
50 silly install resolved     scripts:
50 silly install resolved      { test: 'mocha --recursive "./test/commander.spec.js" "./test/commands/**/*.spec.js" --timeout 10000 && standard',
50 silly install resolved        'test-integration': 'mocha --recursive "./test/integration/**/*.spec.js" --timeout 10000',
50 silly install resolved        'test:watch': 'mocha --recursive "./test/commander.spec.js" "./test/commands/**/*.spec.js" --timeout 7000 --watch',
50 silly install resolved        prepublish: 'in-publish && standard || not-in-publish' },
50 silly install resolved     homepage: 'https://github.com/jsreport/jsreport-cli',
50 silly install resolved     repository:
50 silly install resolved      { type: 'git',
50 silly install resolved        url: 'git+https://github.com/jsreport/jsreport-cli.git' },
50 silly install resolved     bugs: { url: 'https://github.com/jsreport/jsreport-cli/issues' },
50 silly install resolved     license: 'MIT',
50 silly install resolved     keywords: [ 'jsreport', 'cli', 'commands', 'jsreport commands' ],
50 silly install resolved     author:
50 silly install resolved      { name: 'BJR Matos',
50 silly install resolved        email: 'bjrmatos@gmail.com',
50 silly install resolved        url: 'https://github.com/bjrmatos' },
50 silly install resolved     contributors: [ [Object], [Object] ],
50 silly install resolved     files:
50 silly install resolved      [ 'lib',
50 silly install resolved        'shared',
50 silly install resolved        'studio',
50 silly install resolved        'index.js',
50 silly install resolved        'cli.js',
50 silly install resolved        'example.server.js',
50 silly install resolved        'example.config.json',
50 silly install resolved        'jsreport.config.js' ],
50 silly install resolved     standard: { ignore: [Object], parser: 'babel-eslint', env: [Object] },
50 silly install resolved     dependencies:
50 silly install resolved      { bluebird: '3.4.7',
50 silly install resolved        inquirer: '1.2.3',
50 silly install resolved        'ip-address': '5.8.6',
50 silly install resolved        'is-absolute-url': '2.1.0',
50 silly install resolved        'is-promise': '2.1.0',
50 silly install resolved        'jsreport-client': '0.4.1',
50 silly install resolved        liftoff: '2.3.0',
50 silly install resolved        'map-async': '0.1.1',
50 silly install resolved        'npm-install-package': '2.1.0',
50 silly install resolved        nssocket: '0.6.0',
50 silly install resolved        'object-assign': '4.1.1',
50 silly install resolved        once: '1.4.0',
50 silly install resolved        'os-homedir': '1.0.2',
50 silly install resolved        'path-is-absolute': '1.0.1',
50 silly install resolved        'prompt-tmp': '1.0.0',
50 silly install resolved        semver: '5.3.0',
50 silly install resolved        shortid: '2.2.6',
50 silly install resolved        'silent-spawn': '0.4.0',
50 silly install resolved        yargs: '6.6.0',
50 silly install resolved        'winser-with-api': '1.0.1' },
50 silly install resolved     devDependencies:
50 silly install resolved      { 'babel-eslint': '7.1.1',
50 silly install resolved        eslint: '3.14.1',
50 silly install resolved        'eslint-plugin-babel': '4.0.1',
50 silly install resolved        'in-publish': '2.0.0',
50 silly install resolved        'jsreport-core': '1.4.0',
50 silly install resolved        mkdirp: '0.5.1',
50 silly install resolved        mocha: '3.2.0',
50 silly install resolved        rimraf: '2.5.4',
50 silly install resolved        should: '11.2.0',
50 silly install resolved        sinon: '1.17.7',
50 silly install resolved        standard: '8.6.0',
50 silly install resolved        'std-mocks': '1.0.1' },
50 silly install resolved     optionalDependencies: { 'winser-with-api': '1.0.1' },
50 silly install resolved     gitHead: '9521dab3e684b81007111a2e04c797384b3f280d',
50 silly install resolved     _id: 'jsreport-cli@1.3.1',
50 silly install resolved     _npmVersion: '5.4.2',
50 silly install resolved     _nodeVersion: '8.6.0',
50 silly install resolved     _npmUser: { name: 'bjrmatos', email: 'bjrmatos@gmail.com' },
50 silly install resolved     dist:
50 silly install resolved      { integrity: 'sha512-w4kykS1uNtBAlw+5pA7lDBqbu2ftJ1SQstUgyqvhLSgZBeYOxJkyNZ7U+M4KgkfW1dUE7dvF4uAeVuxlcXq1iA==',
50 silly install resolved        shasum: '22fb722119a58be190f6230c223cebd58ff050a1',
50 silly install resolved        tarball: 'https://registry.npmjs.org/jsreport-cli/-/jsreport-cli-1.3.1.tgz' },
50 silly install resolved     maintainers: [ [Object], [Object] ],
50 silly install resolved     _npmOperationalInternal:
50 silly install resolved      { host: 's3://npm-registry-packages',
50 silly install resolved        tmp: 'tmp/jsreport-cli-1.3.1.tgz_1508261110668_0.7020656017120928' },
50 silly install resolved     directories: {},
50 silly install resolved     _shasum: '22fb722119a58be190f6230c223cebd58ff050a1',
50 silly install resolved     _resolved: 'https://registry.npmjs.org/jsreport-cli/-/jsreport-cli-1.3.1.tgz',
50 silly install resolved     _from: 'jsreport-cli@latest' } ]
51 info install jsreport-cli@1.3.1 into /usr/lib
52 info installOne jsreport-cli@1.3.1
53 verbose installOne of jsreport-cli to /usr/lib not in flight; installing
54 verbose correctMkdir /home/jgarcia/.npm/_locks correctMkdir not in flight; initializing
55 verbose lock using /home/jgarcia/.npm/_locks/jsreport-cli-8e26b769e63eb0c0.lock for /usr/lib/node_modules/jsreport-cli
56 silly install write writing jsreport-cli 1.3.1 to /usr/lib/node_modules/jsreport-cli
57 verbose unbuild lib/node_modules/jsreport-cli
58 silly gentlyRm /usr/lib/node_modules/jsreport-cli is being purged from base /usr
59 verbose gentlyRm don't care about contents; nuking /usr/lib/node_modules/jsreport-cli
60 verbose tar unpack /home/jgarcia/.npm/jsreport-cli/1.3.1/package.tgz
61 verbose tar unpacking to /usr/lib/node_modules/jsreport-cli
62 silly gentlyRm /usr/lib/node_modules/jsreport-cli is being purged
63 verbose gentlyRm don't care about contents; nuking /usr/lib/node_modules/jsreport-cli
64 silly gunzTarPerm modes [ '775', '664' ]
65 error tar.unpack untar error /home/jgarcia/.npm/jsreport-cli/1.3.1/package.tgz
66 verbose unlock done using /home/jgarcia/.npm/_locks/jsreport-cli-8e26b769e63eb0c0.lock for /usr/lib/node_modules/jsreport-cli
67 verbose fstream_path /usr/lib/node_modules/jsreport-cli
68 verbose fstream_type Directory
69 verbose fstream_class DirWriter
70 verbose stack Error: EACCES: permission denied, mkdir '/usr/lib/node_modules/jsreport-cli'
70 verbose stack     at Error (native)
71 verbose fstream_stack /usr/lib/node_modules/npm/node_modules/fstream/lib/dir-writer.js:35:25
71 verbose fstream_stack /usr/lib/node_modules/npm/node_modules/mkdirp/index.js:47:53
71 verbose fstream_stack FSReqWrap.oncomplete (fs.js:82:15)
72 verbose cwd /home/jgarcia/SimecReports/data/Respaldo/otro
73 error Linux 4.8.0-30-generic
74 error argv "/usr/bin/nodejs" "/usr/bin/npm" "install" "-g" "jsreport-cli"
75 error node v4.6.2
76 error npm  v2.15.11
77 error path /usr/lib/node_modules/jsreport-cli
78 error code EACCES
79 error errno -13
80 error syscall mkdir
81 error Error: EACCES: permission denied, mkdir '/usr/lib/node_modules/jsreport-cli'
81 error     at Error (native)
81 error  { [Error: EACCES: permission denied, mkdir '/usr/lib/node_modules/jsreport-cli']
81 error   errno: -13,
81 error   code: 'EACCES',
81 error   syscall: 'mkdir',
81 error   path: '/usr/lib/node_modules/jsreport-cli',
81 error   fstream_type: 'Directory',
81 error   fstream_path: '/usr/lib/node_modules/jsreport-cli',
81 error   fstream_class: 'DirWriter',
81 error   fstream_stack:
81 error    [ '/usr/lib/node_modules/npm/node_modules/fstream/lib/dir-writer.js:35:25',
81 error      '/usr/lib/node_modules/npm/node_modules/mkdirp/index.js:47:53',
81 error      'FSReqWrap.oncomplete (fs.js:82:15)' ] }
82 error Please try running this command again as root/Administrator.
83 verbose exit [ -13, true ]
84 verbose unbuild lib/node_modules/jsreport-cli
85 silly gentlyRm /usr/lib/node_modules/jsreport-cli is being purged from base /usr
86 verbose gentlyRm don't care about contents; nuking /usr/lib/node_modules/jsreport-cli
